2023/04/23 11:50:59 2023-04-23 11:50:59.844208 -0600 CST m=+1.260549276 || Archivo $RECYCLE.BIN ya se encuentra en el USB
2023/04/23 11:50:59 2023-04-23 11:50:59.844586 -0600 CST m=+1.260927696 || Archivo .TemporaryItems ya se encuentra en el USB
2023/04/23 11:50:59 2023-04-23 11:50:59.844756 -0600 CST m=+1.261097364 || Archivo .Trashes ya se encuentra en el USB
2023/04/23 11:50:59 2023-04-23 11:50:59.844831 -0600 CST m=+1.261171832 || Archivo .VolumeIcon.icns ya se encuentra en el USB
2023/04/23 11:50:59 2023-04-23 11:50:59.844893 -0600 CST m=+1.261233786 || Archivo .VolumeIcon.ico ya se encuentra en el USB
2023/04/23 11:50:59 2023-04-23 11:50:59.844947 -0600 CST m=+1.261288370 || Archivo ._. ya se encuentra en el USB
2023/04/23 11:50:59 2023-04-23 11:50:59.845016 -0600 CST m=+1.261357628 || Archivo .fseventsd ya se encuentra en el USB
2023/04/23 11:50:59 2023-04-23 11:50:59.845126 -0600 CST m=+1.261467337 || Archivo 2do Proyecto SO2.pdf ya se encuentra en el USB
2023/04/23 11:50:59 2023-04-23 11:50:59.84524 -0600 CST m=+1.261581368 || Archivo 8o. semestre ya se encuentra en el USB
2023/04/23 11:50:59 2023-04-23 11:50:59.845421 -0600 CST m=+1.261761817 || Archivo 8o. semestre amari Seminario ya se encuentra en el USB
2023/04/23 11:50:59 2023-04-23 11:50:59.845498 -0600 CST m=+1.261839263 || Archivo Autorun.inf ya se encuentra en el USB
2023/04/23 11:50:59 2023-04-23 11:50:59.846639 -0600 CST m=+1.262979847 || Archivo CV Amari.pdf ya se encuentra en el USB
2023/04/23 11:50:59 2023-04-23 11:50:59.846801 -0600 CST m=+1.263141959 || Archivo Captures ya se encuentra en el USB
2023/04/23 11:50:59 2023-04-23 11:50:59.846901 -0600 CST m=+1.263242085 || Archivo Carlos Ng ya se encuentra en el USB
2023/04/23 11:50:59 2023-04-23 11:50:59.846987 -0600 CST m=+1.263327802 || Archivo EJERCICIO 2- CADENA DE MARKOV.docx ya se encuentra en el USB
2023/04/23 11:50:59 2023-04-23 11:50:59.84705 -0600 CST m=+1.263391432 || Archivo EjerciciosBDG.rar ya se encuentra en el USB
2023/04/23 11:50:59 2023-04-23 11:50:59.847112 -0600 CST m=+1.263453005 || Archivo MODELO DE SIMLACION.docx ya se encuentra en el USB
2023/04/23 11:50:59 2023-04-23 11:50:59.847175 -0600 CST m=+1.263515923 || Archivo Mama ya se encuentra en el USB
2023/04/23 11:50:59 2023-04-23 11:50:59.84729 -0600 CST m=+1.263630778 || Archivo Nathalia ya se encuentra en el USB
2023/04/23 11:50:59 2023-04-23 11:50:59.847374 -0600 CST m=+1.263715015 || Archivo PAULA ya se encuentra en el USB
2023/04/23 11:50:59 2023-04-23 11:50:59.847443 -0600 CST m=+1.263783924 || Archivo Recetas reposteria ya se encuentra en el USB
2023/04/23 11:50:59 2023-04-23 11:50:59.84751 -0600 CST m=+1.263850998 || Archivo Seagate ya se encuentra en el USB
2023/04/23 11:50:59 2023-04-23 11:50:59.847574 -0600 CST m=+1.263914761 || Archivo Start_Here_Mac.app ya se encuentra en el USB
2023/04/23 11:50:59 2023-04-23 11:50:59.847653 -0600 CST m=+1.263994588 || Archivo Start_Here_Win.exe ya se encuentra en el USB
2023/04/23 11:50:59 2023-04-23 11:50:59.847711 -0600 CST m=+1.264052144 || Archivo System Volume Information ya se encuentra en el USB
2023/04/23 11:50:59 2023-04-23 11:50:59.847775 -0600 CST m=+1.264116331 || Archivo Warranty.pdf ya se encuentra en el USB
2023/04/23 11:50:59 2023-04-23 11:50:59.847833 -0600 CST m=+1.264174072 || Archivo capture-2 ya se encuentra en el USB
2023/04/23 11:50:59 2023-04-23 11:50:59.848002 -0600 CST m=+1.264343529 || Archivo iphone ma 21 ya se encuentra en el USB
2023/04/23 11:50:59 2023-04-23 11:50:59.848085 -0600 CST m=+1.264425614 || Archivo logistica Pierri 8o ya se encuentra en el USB
2023/04/23 11:50:59 2023-04-23 11:50:59.848143 -0600 CST m=+1.264484363 || Archivo nath 2021 ya se encuentra en el USB
2023/04/23 11:50:59 2023-04-23 11:50:59.848218 -0600 CST m=+1.264559041 || Archivo parcial ya se encuentra en el USB
2023/04/23 11:50:59 2023-04-23 11:50:59.848265 -0600 CST m=+1.264605729 || Archivo proyecto de graduacion ya se encuentra en el USB
2023/04/23 11:50:59 2023-04-23 11:50:59.848331 -0600 CST m=+1.264672552 || Archivo santiago ya se encuentra en el USB
2023/04/23 11:50:59 2023-04-23 11:50:59.848395 -0600 CST m=+1.264735758 || Archivo tareas finacieras 8o ya se encuentra en el USB
2023/04/23 11:52:01 2023-04-23 11:52:01.097592 -0600 CST m=+62.511981482 || Archivo prueba2023 ya se encuentra en la carpeta local
